<?xml version="1.0" encoding="UTF-8"?>
<!-- Generated by org.testng.reporters.JUnitXMLReporter -->
<testsuite ignored="0" hostname="DESKTOP-KPO36PO" failures="2" tests="7" name="Test" time="44.657" errors="0" timestamp="2024-09-25T12:08:13 IST">
  <testcase classname="testCases.TC03_Login_DTT_Test" name="verify_Login_DTT" time="2.246"/>
  <testcase classname="testCases.TC03_Login_DTT_Test" name="verify_Login_DTT" time="2.184">
    <failure type="java.lang.AssertionError" message="expected [true] but found [false]">
      <![CDATA[java.lang.AssertionError: expected [true] but found [false]
at testCases.TC03_Login_DTT_Test.verify_Login_DTT(TC03_Login_DTT_Test.java:64)
at java.base/java.util.ArrayList.forEach(ArrayList.java:1511)
... Removed 31 stack frames]]>
    </failure>
  </testcase> <!-- verify_Login_DTT -->
  <testcase classname="testCases.TC03_Login_DTT_Test" name="verify_Login_DTT" time="1.87">
    <failure type="java.lang.AssertionError" message="expected [true] but found [false]">
      <![CDATA[java.lang.AssertionError: expected [true] but found [false]
at testCases.TC03_Login_DTT_Test.verify_Login_DTT(TC03_Login_DTT_Test.java:64)
at java.base/java.util.ArrayList.forEach(ArrayList.java:1511)
... Removed 31 stack frames]]>
    </failure>
  </testcase> <!-- verify_Login_DTT -->
  <testcase classname="testCases.TC03_Login_DTT_Test" name="verify_Login_DTT" time="11.103"/>
  <testcase classname="testCases.TC03_Login_DTT_Test" name="verify_Login_DTT" time="11.125"/>
  <testcase classname="testCases.TC03_Login_DTT_Test" name="verify_Login_DTT" time="2.193"/>
  <testcase classname="testCases.TC03_Login_DTT_Test" name="verify_Login_DTT" time="2.005"/>
</testsuite> <!-- Test -->
