<?xml version="1.0" encoding="UTF-8"?>
<!-- Generated by org.testng.reporters.JUnitXMLReporter -->
<testsuite ignored="0" hostname="DESKTOP-KPO36PO" failures="2" tests="10" name="Test" time="66.2" errors="0" timestamp="2024-09-26T15:11:17 IST">
  <testcase classname="testCases.TC01_AccountRegistrationTest" name="Verify_Registration_Page" time="1.457"/>
  <testcase classname="testCases.TC01_AccountRegistrationTest" name="Verify_Account_Registration" time="1.393"/>
  <testcase classname="testCases.TC02_LoginTest" name="verify_Login" time="2.391"/>
  <testcase classname="testCases.TC03_Login_DTT_Test" name="verify_Login_DTT" time="2.181"/>
  <testcase classname="testCases.TC03_Login_DTT_Test" name="verify_Login_DTT" time="2.106">
    <failure type="java.lang.AssertionError" message="expected [true] but found [false]">
      <![CDATA[java.lang.AssertionError: expected [true] but found [false]
at testCases.TC03_Login_DTT_Test.verify_Login_DTT(TC03_Login_DTT_Test.java:64)
at java.base/java.util.ArrayList.forEach(ArrayList.java:1541)
... Removed 35 stack frames]]>
    </failure>
  </testcase> <!-- verify_Login_DTT -->
  <testcase classname="testCases.TC03_Login_DTT_Test" name="verify_Login_DTT" time="1.86">
    <failure type="java.lang.AssertionError" message="expected [true] but found [false]">
      <![CDATA[java.lang.AssertionError: expected [true] but found [false]
at testCases.TC03_Login_DTT_Test.verify_Login_DTT(TC03_Login_DTT_Test.java:64)
at java.base/java.util.ArrayList.forEach(ArrayList.java:1541)
... Removed 35 stack frames]]>
    </failure>
  </testcase> <!-- verify_Login_DTT -->
  <testcase classname="testCases.TC03_Login_DTT_Test" name="verify_Login_DTT" time="11.262"/>
  <testcase classname="testCases.TC03_Login_DTT_Test" name="verify_Login_DTT" time="11.552"/>
  <testcase classname="testCases.TC03_Login_DTT_Test" name="verify_Login_DTT" time="2.265"/>
  <testcase classname="testCases.TC03_Login_DTT_Test" name="verify_Login_DTT" time="2.071"/>
</testsuite> <!-- Test -->
