<?xml version="1.0" encoding="UTF-8"?>
<testng-results ignored="0" total="10" passed="8" failed="2" skipped="0">
  <reporter-output>
  </reporter-output>
  <suite started-at="2024-09-26T15:10:10 IST" name="Suite" finished-at="2024-09-26T15:11:16 IST" duration-ms="66200">
    <groups>
      <group name="Master">
        <method signature="TC02_LoginTest.verify_Login()[pri:0, instance:testCases.TC02_LoginTest@5049d8b2]" name="verify_Login" class="testCases.TC02_LoginTest"/>
        <method signature="TC01_AccountRegistrationTest.Verify_Registration_Page()[pri:1, instance:testCases.TC01_AccountRegistrationTest@7a48e6e2]" name="Verify_Registration_Page" class="testCases.TC01_AccountRegistrationTest"/>
        <method signature="TC01_AccountRegistrationTest.Verify_Account_Registration()[pri:2, instance:testCases.TC01_AccountRegistrationTest@7a48e6e2]" name="Verify_Account_Registration" class="testCases.TC01_AccountRegistrationTest"/>
      </group> <!-- Master -->
      <group name="Sanity">
        <method signature="TC02_LoginTest.verify_Login()[pri:0, instance:testCases.TC02_LoginTest@5049d8b2]" name="verify_Login" class="testCases.TC02_LoginTest"/>
      </group> <!-- Sanity -->
      <group name="Regression">
        <method signature="TC01_AccountRegistrationTest.Verify_Registration_Page()[pri:1, instance:testCases.TC01_AccountRegistrationTest@7a48e6e2]" name="Verify_Registration_Page" class="testCases.TC01_AccountRegistrationTest"/>
        <method signature="TC01_AccountRegistrationTest.Verify_Account_Registration()[pri:2, instance:testCases.TC01_AccountRegistrationTest@7a48e6e2]" name="Verify_Account_Registration" class="testCases.TC01_AccountRegistrationTest"/>
      </group> <!-- Regression -->
      <group name="DataDriven">
        <method signature="TC03_Login_DTT_Test.verify_Login_DTT(java.lang.String,java.lang.String,java.lang.String)[pri:0, instance:testCases.TC03_Login_DTT_Test@6d0b5baf]" name="verify_Login_DTT" class="testCases.TC03_Login_DTT_Test"/>
      </group> <!-- DataDriven -->
    </groups>
    <test started-at="2024-09-26T15:10:10 IST" name="Test" finished-at="2024-09-26T15:11:16 IST" duration-ms="66200">
      <class name="testCases.TC03_Login_DTT_Test">
        <test-method is-config="true" signature="SetUp(java.lang.String,java.lang.String)[pri:0, instance:testCases.TC03_Login_DTT_Test@6d0b5baf]" started-at="2024-09-26T15:10:33 IST" name="SetUp" finished-at="2024-09-26T15:10:41 IST" duration-ms="8036" status="PASS">
          <params>
            <param index="0">
              <value>
                <![CDATA[Windows]]>
              </value>
            </param>
            <param index="1">
              <value>
                <![CDATA[Chrome]]>
              </value>
            </param>
          </params>
          <reporter-output>
          </reporter-output>
        </test-method> <!-- SetUp -->
        <test-method signature="verify_Login_DTT(java.lang.String,java.lang.String,java.lang.String)[pri:0, instance:testCases.TC03_Login_DTT_Test@6d0b5baf]" started-at="2024-09-26T15:10:42 IST" name="verify_Login_DTT" data-provider="LoginData" finished-at="2024-09-26T15:10:44 IST" duration-ms="2181" status="PASS">
          <params>
            <param index="0">
              <value>
                <![CDATA[pavanoltraining@gmail.com]]>
              </value>
            </param>
            <param index="1">
              <value>
                <![CDATA[test@123]]>
              </value>
            </param>
            <param index="2">
              <value>
                <![CDATA[Valid]]>
              </value>
            </param>
          </params>
          <reporter-output>
          </reporter-output>
        </test-method> <!-- verify_Login_DTT -->
        <test-method signature="verify_Login_DTT(java.lang.String,java.lang.String,java.lang.String)[pri:0, instance:testCases.TC03_Login_DTT_Test@6d0b5baf]" started-at="2024-09-26T15:10:44 IST" name="verify_Login_DTT" data-provider="LoginData" finished-at="2024-09-26T15:10:46 IST" duration-ms="2106" status="FAIL">
          <params>
            <param index="0">
              <value>
                <![CDATA[lakshmi@yahoo.com]]>
              </value>
            </param>
            <param index="1">
              <value>
                <![CDATA[Laxmi]]>
              </value>
            </param>
            <param index="2">
              <value>
                <![CDATA[Invalid]]>
              </value>
            </param>
          </params>
          <exception class="java.lang.AssertionError">
            <message>
              <![CDATA[expected [true] but found [false]]]>
            </message>
            <full-stacktrace>
              <![CDATA[java.lang.AssertionError: expected [true] but found [false]
at org.testng.Assert.fail(Assert.java:111)
at org.testng.Assert.failNotEquals(Assert.java:1578)
at org.testng.Assert.assertTrue(Assert.java:57)
at org.testng.Assert.assertTrue(Assert.java:67)
at testCases.TC03_Login_DTT_Test.verify_Login_DTT(TC03_Login_DTT_Test.java:64)
at java.base/jdk.internal.reflect.NativeMethodAccessorImpl.invoke0(Native Method)
at java.base/jdk.internal.reflect.NativeMethodAccessorImpl.invoke(NativeMethodAccessorImpl.java:62)
at java.base/jdk.internal.reflect.DelegatingMethodAccessorImpl.invoke(DelegatingMethodAccessorImpl.java:43)
at java.base/java.lang.reflect.Method.invoke(Method.java:566)
at org.testng.internal.invokers.MethodInvocationHelper.invokeMethod(MethodInvocationHelper.java:141)
at org.testng.internal.invokers.TestInvoker.invokeMethod(TestInvoker.java:686)
at org.testng.internal.invokers.TestInvoker.invokeTestMethod(TestInvoker.java:230)
at org.testng.internal.invokers.MethodRunner.runInSequence(MethodRunner.java:63)
at org.testng.internal.invokers.TestInvoker$MethodInvocationAgent.invoke(TestInvoker.java:992)
at org.testng.internal.invokers.TestInvoker.invokeTestMethods(TestInvoker.java:203)
at org.testng.internal.invokers.TestMethodWorker.invokeTestMethods(TestMethodWorker.java:154)
at org.testng.internal.invokers.TestMethodWorker.run(TestMethodWorker.java:134)
at java.base/java.util.ArrayList.forEach(ArrayList.java:1541)
at org.testng.TestRunner.privateRun(TestRunner.java:739)
at org.testng.TestRunner.run(TestRunner.java:614)
at org.testng.SuiteRunner.runTest(SuiteRunner.java:421)
at org.testng.SuiteRunner.runSequentially(SuiteRunner.java:413)
at org.testng.SuiteRunner.privateRun(SuiteRunner.java:373)
at org.testng.SuiteRunner.run(SuiteRunner.java:312)
at org.testng.SuiteRunnerWorker.runSuite(SuiteRunnerWorker.java:52)
at org.testng.SuiteRunnerWorker.run(SuiteRunnerWorker.java:95)
at org.testng.TestNG.runSuitesSequentially(TestNG.java:1274)
at org.testng.TestNG.runSuitesLocally(TestNG.java:1208)
at org.testng.TestNG.runSuites(TestNG.java:1112)
at org.testng.TestNG.run(TestNG.java:1079)
at org.apache.maven.surefire.testng.TestNGExecutor.run(TestNGExecutor.java:308)
at org.apache.maven.surefire.testng.TestNGXmlTestSuite.execute(TestNGXmlTestSuite.java:71)
at org.apache.maven.surefire.testng.TestNGProvider.invoke(TestNGProvider.java:113)
at org.apache.maven.surefire.booter.ForkedBooter.runSuitesInProcess(ForkedBooter.java:385)
at org.apache.maven.surefire.booter.ForkedBooter.execute(ForkedBooter.java:162)
at org.apache.maven.surefire.booter.ForkedBooter.run(ForkedBooter.java:507)
at org.apache.maven.surefire.booter.ForkedBooter.main(ForkedBooter.java:495)
]]>
            </full-stacktrace>
          </exception> <!-- java.lang.AssertionError -->
          <reporter-output>
          </reporter-output>
        </test-method> <!-- verify_Login_DTT -->
        <test-method signature="verify_Login_DTT(java.lang.String,java.lang.String,java.lang.String)[pri:0, instance:testCases.TC03_Login_DTT_Test@6d0b5baf]" started-at="2024-09-26T15:10:47 IST" name="verify_Login_DTT" data-provider="LoginData" finished-at="2024-09-26T15:10:48 IST" duration-ms="1860" status="FAIL">
          <params>
            <param index="0">
              <value>
                <![CDATA[laksh@yahoo.com]]>
              </value>
            </param>
            <param index="1">
              <value>
                <![CDATA[Lakshmi]]>
              </value>
            </param>
            <param index="2">
              <value>
                <![CDATA[Invalid]]>
              </value>
            </param>
          </params>
          <exception class="java.lang.AssertionError">
            <message>
              <![CDATA[expected [true] but found [false]]]>
            </message>
            <full-stacktrace>
              <![CDATA[java.lang.AssertionError: expected [true] but found [false]
at org.testng.Assert.fail(Assert.java:111)
at org.testng.Assert.failNotEquals(Assert.java:1578)
at org.testng.Assert.assertTrue(Assert.java:57)
at org.testng.Assert.assertTrue(Assert.java:67)
at testCases.TC03_Login_DTT_Test.verify_Login_DTT(TC03_Login_DTT_Test.java:64)
at java.base/jdk.internal.reflect.NativeMethodAccessorImpl.invoke0(Native Method)
at java.base/jdk.internal.reflect.NativeMethodAccessorImpl.invoke(NativeMethodAccessorImpl.java:62)
at java.base/jdk.internal.reflect.DelegatingMethodAccessorImpl.invoke(DelegatingMethodAccessorImpl.java:43)
at java.base/java.lang.reflect.Method.invoke(Method.java:566)
at org.testng.internal.invokers.MethodInvocationHelper.invokeMethod(MethodInvocationHelper.java:141)
at org.testng.internal.invokers.TestInvoker.invokeMethod(TestInvoker.java:686)
at org.testng.internal.invokers.TestInvoker.invokeTestMethod(TestInvoker.java:230)
at org.testng.internal.invokers.MethodRunner.runInSequence(MethodRunner.java:63)
at org.testng.internal.invokers.TestInvoker$MethodInvocationAgent.invoke(TestInvoker.java:992)
at org.testng.internal.invokers.TestInvoker.invokeTestMethods(TestInvoker.java:203)
at org.testng.internal.invokers.TestMethodWorker.invokeTestMethods(TestMethodWorker.java:154)
at org.testng.internal.invokers.TestMethodWorker.run(TestMethodWorker.java:134)
at java.base/java.util.ArrayList.forEach(ArrayList.java:1541)
at org.testng.TestRunner.privateRun(TestRunner.java:739)
at org.testng.TestRunner.run(TestRunner.java:614)
at org.testng.SuiteRunner.runTest(SuiteRunner.java:421)
at org.testng.SuiteRunner.runSequentially(SuiteRunner.java:413)
at org.testng.SuiteRunner.privateRun(SuiteRunner.java:373)
at org.testng.SuiteRunner.run(SuiteRunner.java:312)
at org.testng.SuiteRunnerWorker.runSuite(SuiteRunnerWorker.java:52)
at org.testng.SuiteRunnerWorker.run(SuiteRunnerWorker.java:95)
at org.testng.TestNG.runSuitesSequentially(TestNG.java:1274)
at org.testng.TestNG.runSuitesLocally(TestNG.java:1208)
at org.testng.TestNG.runSuites(TestNG.java:1112)
at org.testng.TestNG.run(TestNG.java:1079)
at org.apache.maven.surefire.testng.TestNGExecutor.run(TestNGExecutor.java:308)
at org.apache.maven.surefire.testng.TestNGXmlTestSuite.execute(TestNGXmlTestSuite.java:71)
at org.apache.maven.surefire.testng.TestNGProvider.invoke(TestNGProvider.java:113)
at org.apache.maven.surefire.booter.ForkedBooter.runSuitesInProcess(ForkedBooter.java:385)
at org.apache.maven.surefire.booter.ForkedBooter.execute(ForkedBooter.java:162)
at org.apache.maven.surefire.booter.ForkedBooter.run(ForkedBooter.java:507)
at org.apache.maven.surefire.booter.ForkedBooter.main(ForkedBooter.java:495)
]]>
            </full-stacktrace>
          </exception> <!-- java.lang.AssertionError -->
          <reporter-output>
          </reporter-output>
        </test-method> <!-- verify_Login_DTT -->
        <test-method signature="verify_Login_DTT(java.lang.String,java.lang.String,java.lang.String)[pri:0, instance:testCases.TC03_Login_DTT_Test@6d0b5baf]" started-at="2024-09-26T15:10:49 IST" name="verify_Login_DTT" data-provider="LoginData" finished-at="2024-09-26T15:11:00 IST" duration-ms="11262" status="PASS">
          <params>
            <param index="0">
              <value>
                <![CDATA[laks@yahoo.com]]>
              </value>
            </param>
            <param index="1">
              <value>
                <![CDATA[xyz]]>
              </value>
            </param>
            <param index="2">
              <value>
                <![CDATA[Invalid]]>
              </value>
            </param>
          </params>
          <reporter-output>
          </reporter-output>
        </test-method> <!-- verify_Login_DTT -->
        <test-method signature="verify_Login_DTT(java.lang.String,java.lang.String,java.lang.String)[pri:0, instance:testCases.TC03_Login_DTT_Test@6d0b5baf]" started-at="2024-09-26T15:11:00 IST" name="verify_Login_DTT" data-provider="LoginData" finished-at="2024-09-26T15:11:11 IST" duration-ms="11552" status="PASS">
          <params>
            <param index="0">
              <value>
                <![CDATA[abc123@gmail.com]]>
              </value>
            </param>
            <param index="1">
              <value>
                <![CDATA[test@1234]]>
              </value>
            </param>
            <param index="2">
              <value>
                <![CDATA[Invalid]]>
              </value>
            </param>
          </params>
          <reporter-output>
          </reporter-output>
        </test-method> <!-- verify_Login_DTT -->
        <test-method signature="verify_Login_DTT(java.lang.String,java.lang.String,java.lang.String)[pri:0, instance:testCases.TC03_Login_DTT_Test@6d0b5baf]" started-at="2024-09-26T15:11:11 IST" name="verify_Login_DTT" data-provider="LoginData" finished-at="2024-09-26T15:11:14 IST" duration-ms="2265" status="PASS">
          <params>
            <param index="0">
              <value>
                <![CDATA[KeBZP@gmail.com]]>
              </value>
            </param>
            <param index="1">
              <value>
                <![CDATA[skHf@8532]]>
              </value>
            </param>
            <param index="2">
              <value>
                <![CDATA[Valid]]>
              </value>
            </param>
          </params>
          <reporter-output>
          </reporter-output>
        </test-method> <!-- verify_Login_DTT -->
        <test-method signature="verify_Login_DTT(java.lang.String,java.lang.String,java.lang.String)[pri:0, instance:testCases.TC03_Login_DTT_Test@6d0b5baf]" started-at="2024-09-26T15:11:14 IST" name="verify_Login_DTT" data-provider="LoginData" finished-at="2024-09-26T15:11:16 IST" duration-ms="2071" status="PASS">
          <params>
            <param index="0">
              <value>
                <![CDATA[zldkU@gmail.com]]>
              </value>
            </param>
            <param index="1">
              <value>
                <![CDATA[DFmB@6276]]>
              </value>
            </param>
            <param index="2">
              <value>
                <![CDATA[Valid]]>
              </value>
            </param>
          </params>
          <reporter-output>
          </reporter-output>
        </test-method> <!-- verify_Login_DTT -->
        <test-method is-config="true" signature="TearDown()[pri:0, instance:testCases.TC03_Login_DTT_Test@6d0b5baf]" started-at="2024-09-26T15:11:16 IST" name="TearDown" finished-at="2024-09-26T15:11:16 IST" duration-ms="357" status="PASS">
          <reporter-output>
          </reporter-output>
        </test-method> <!-- TearDown -->
      </class> <!-- testCases.TC03_Login_DTT_Test -->
      <class name="testCases.TC01_AccountRegistrationTest">
        <test-method is-config="true" signature="SetUp(java.lang.String,java.lang.String)[pri:0, instance:testCases.TC01_AccountRegistrationTest@7a48e6e2]" started-at="2024-09-26T15:10:10 IST" name="SetUp" finished-at="2024-09-26T15:10:20 IST" duration-ms="9619" status="PASS">
          <params>
            <param index="0">
              <value>
                <![CDATA[Windows]]>
              </value>
            </param>
            <param index="1">
              <value>
                <![CDATA[Chrome]]>
              </value>
            </param>
          </params>
          <reporter-output>
          </reporter-output>
        </test-method> <!-- SetUp -->
        <test-method signature="Verify_Registration_Page()[pri:1, instance:testCases.TC01_AccountRegistrationTest@7a48e6e2]" started-at="2024-09-26T15:10:20 IST" name="Verify_Registration_Page" finished-at="2024-09-26T15:10:21 IST" duration-ms="1457" status="PASS">
          <reporter-output>
          </reporter-output>
        </test-method> <!-- Verify_Registration_Page -->
        <test-method signature="Verify_Account_Registration()[pri:2, instance:testCases.TC01_AccountRegistrationTest@7a48e6e2]" started-at="2024-09-26T15:10:21 IST" name="Verify_Account_Registration" finished-at="2024-09-26T15:10:22 IST" duration-ms="1393" status="PASS">
          <reporter-output>
          </reporter-output>
        </test-method> <!-- Verify_Account_Registration -->
        <test-method is-config="true" signature="TearDown()[pri:0, instance:testCases.TC01_AccountRegistrationTest@7a48e6e2]" started-at="2024-09-26T15:10:22 IST" name="TearDown" finished-at="2024-09-26T15:10:23 IST" duration-ms="321" status="PASS">
          <reporter-output>
          </reporter-output>
        </test-method> <!-- TearDown -->
      </class> <!-- testCases.TC01_AccountRegistrationTest -->
      <class name="testCases.TC02_LoginTest">
        <test-method is-config="true" signature="SetUp(java.lang.String,java.lang.String)[pri:0, instance:testCases.TC02_LoginTest@5049d8b2]" started-at="2024-09-26T15:10:23 IST" name="SetUp" finished-at="2024-09-26T15:10:31 IST" duration-ms="7743" status="PASS">
          <params>
            <param index="0">
              <value>
                <![CDATA[Windows]]>
              </value>
            </param>
            <param index="1">
              <value>
                <![CDATA[Chrome]]>
              </value>
            </param>
          </params>
          <reporter-output>
          </reporter-output>
        </test-method> <!-- SetUp -->
        <test-method signature="verify_Login()[pri:0, instance:testCases.TC02_LoginTest@5049d8b2]" started-at="2024-09-26T15:10:31 IST" name="verify_Login" finished-at="2024-09-26T15:10:33 IST" duration-ms="2391" status="PASS">
          <reporter-output>
          </reporter-output>
        </test-method> <!-- verify_Login -->
        <test-method is-config="true" signature="TearDown()[pri:0, instance:testCases.TC02_LoginTest@5049d8b2]" started-at="2024-09-26T15:10:33 IST" name="TearDown" finished-at="2024-09-26T15:10:33 IST" duration-ms="187" status="PASS">
          <reporter-output>
          </reporter-output>
        </test-method> <!-- TearDown -->
      </class> <!-- testCases.TC02_LoginTest -->
    </test> <!-- Test -->
  </suite> <!-- Suite -->
</testng-results>
